2025-02-16 22:39:40.119 +03:00 [ERR] Hosting failed to start
System.Net.Sockets.SocketException (10013): Сделана попытка доступа к сокету методом, запрещенным правами доступа.
   at System.Net.Sockets.Socket.UpdateStatusAfterSocketErrorAndThrowException(SocketError error, Boolean disconnectOnFailure, String callerName)
   at System.Net.Sockets.Socket.DoBind(EndPoint endPointSnapshot, SocketAddress socketAddress)
   at System.Net.Sockets.Socket.Bind(EndPoint localEP)
   at Microsoft.AspNetCore.Server.Kestrel.Transport.Sockets.SocketTransportOptions.CreateDefaultBoundListenSocket(EndPoint endpoint)
   at Microsoft.AspNetCore.Server.Kestrel.Transport.Sockets.SocketConnectionListener.Bind()
   at Microsoft.AspNetCore.Server.Kestrel.Transport.Sockets.SocketTransportFactory.BindAsync(EndPoint endpoint, CancellationToken cancellationToken)
   at Microsoft.AspNetCore.Server.Kestrel.Core.Internal.Infrastructure.TransportManager.BindAsync(EndPoint endPoint, ConnectionDelegate connectionDelegate, EndpointConfig endpointConfig, CancellationToken cancellationToken)
   at Microsoft.AspNetCore.Server.Kestrel.Core.KestrelServerImpl.<>c__DisplayClass28_0`1.<<StartAsync>g__OnBind|0>d.MoveNext()
--- End of stack trace from previous location ---
   at Microsoft.AspNetCore.Server.Kestrel.Core.Internal.AddressBinder.BindEndpointAsync(ListenOptions endpoint, AddressBindContext context, CancellationToken cancellationToken)
   at Microsoft.AspNetCore.Server.Kestrel.Core.ListenOptions.BindAsync(AddressBindContext context, CancellationToken cancellationToken)
   at Microsoft.AspNetCore.Server.Kestrel.Core.Internal.AddressBinder.AddressesStrategy.BindAsync(AddressBindContext context, CancellationToken cancellationToken)
   at Microsoft.AspNetCore.Server.Kestrel.Core.Internal.AddressBinder.BindAsync(ListenOptions[] listenOptions, AddressBindContext context, Func`2 useHttps, CancellationToken cancellationToken)
   at Microsoft.AspNetCore.Server.Kestrel.Core.KestrelServerImpl.BindAsync(CancellationToken cancellationToken)
   at Microsoft.AspNetCore.Server.Kestrel.Core.KestrelServerImpl.StartAsync[TContext](IHttpApplication`1 application, CancellationToken cancellationToken)
   at Microsoft.AspNetCore.Hosting.GenericWebHostService.StartAsync(CancellationToken cancellationToken)
   at Microsoft.Extensions.Hosting.Internal.Host.<StartAsync>b__15_1(IHostedService service, CancellationToken token)
   at Microsoft.Extensions.Hosting.Internal.Host.ForeachService[T](IEnumerable`1 services, CancellationToken token, Boolean concurrent, Boolean abortOnFirstException, List`1 exceptions, Func`3 operation)
2025-02-16 22:41:59.348 +03:00 [INF] Unable to bind to https://localhost:80 on the IPv4 loopback interface: 'Сделана попытка доступа к сокету методом, запрещенным правами доступа.'.
2025-02-16 22:41:59.378 +03:00 [INF] Unable to bind to https://localhost:80 on the IPv6 loopback interface: 'Сделана попытка доступа к сокету методом, запрещенным правами доступа.'.
2025-02-16 22:41:59.389 +03:00 [ERR] Hosting failed to start
System.IO.IOException: Failed to bind to address https://localhost:80.
 ---> System.AggregateException: One or more errors occurred. (Сделана попытка доступа к сокету методом, запрещенным правами доступа.) (Сделана попытка доступа к сокету методом, запрещенным правами доступа.)
 ---> System.Net.Sockets.SocketException (10013): Сделана попытка доступа к сокету методом, запрещенным правами доступа.
   at System.Net.Sockets.Socket.UpdateStatusAfterSocketErrorAndThrowException(SocketError error, Boolean disconnectOnFailure, String callerName)
   at System.Net.Sockets.Socket.DoBind(EndPoint endPointSnapshot, SocketAddress socketAddress)
   at System.Net.Sockets.Socket.Bind(EndPoint localEP)
   at Microsoft.AspNetCore.Server.Kestrel.Transport.Sockets.SocketTransportOptions.CreateDefaultBoundListenSocket(EndPoint endpoint)
   at Microsoft.AspNetCore.Server.Kestrel.Transport.Sockets.SocketConnectionListener.Bind()
   at Microsoft.AspNetCore.Server.Kestrel.Transport.Sockets.SocketTransportFactory.BindAsync(EndPoint endpoint, CancellationToken cancellationToken)
   at Microsoft.AspNetCore.Server.Kestrel.Core.Internal.Infrastructure.TransportManager.BindAsync(EndPoint endPoint, ConnectionDelegate connectionDelegate, EndpointConfig endpointConfig, CancellationToken cancellationToken)
   at Microsoft.AspNetCore.Server.Kestrel.Core.KestrelServerImpl.<>c__DisplayClass28_0`1.<<StartAsync>g__OnBind|0>d.MoveNext()
--- End of stack trace from previous location ---
   at Microsoft.AspNetCore.Server.Kestrel.Core.Internal.AddressBinder.BindEndpointAsync(ListenOptions endpoint, AddressBindContext context, CancellationToken cancellationToken)
   at Microsoft.AspNetCore.Server.Kestrel.Core.LocalhostListenOptions.BindAsync(AddressBindContext context, CancellationToken cancellationToken)
   --- End of inner exception stack trace ---
 ---> (Inner Exception #1) System.Net.Sockets.SocketException (10013): Сделана попытка доступа к сокету методом, запрещенным правами доступа.
   at System.Net.Sockets.Socket.UpdateStatusAfterSocketErrorAndThrowException(SocketError error, Boolean disconnectOnFailure, String callerName)
   at System.Net.Sockets.Socket.DoBind(EndPoint endPointSnapshot, SocketAddress socketAddress)
   at System.Net.Sockets.Socket.Bind(EndPoint localEP)
   at Microsoft.AspNetCore.Server.Kestrel.Transport.Sockets.SocketTransportOptions.CreateDefaultBoundListenSocket(EndPoint endpoint)
   at Microsoft.AspNetCore.Server.Kestrel.Transport.Sockets.SocketConnectionListener.Bind()
   at Microsoft.AspNetCore.Server.Kestrel.Transport.Sockets.SocketTransportFactory.BindAsync(EndPoint endpoint, CancellationToken cancellationToken)
   at Microsoft.AspNetCore.Server.Kestrel.Core.Internal.Infrastructure.TransportManager.BindAsync(EndPoint endPoint, ConnectionDelegate connectionDelegate, EndpointConfig endpointConfig, CancellationToken cancellationToken)
   at Microsoft.AspNetCore.Server.Kestrel.Core.KestrelServerImpl.<>c__DisplayClass28_0`1.<<StartAsync>g__OnBind|0>d.MoveNext()
--- End of stack trace from previous location ---
   at Microsoft.AspNetCore.Server.Kestrel.Core.Internal.AddressBinder.BindEndpointAsync(ListenOptions endpoint, AddressBindContext context, CancellationToken cancellationToken)
   at Microsoft.AspNetCore.Server.Kestrel.Core.LocalhostListenOptions.BindAsync(AddressBindContext context, CancellationToken cancellationToken)<---

   --- End of inner exception stack trace ---
   at Microsoft.AspNetCore.Server.Kestrel.Core.LocalhostListenOptions.BindAsync(AddressBindContext context, CancellationToken cancellationToken)
   at Microsoft.AspNetCore.Server.Kestrel.Core.Internal.AddressBinder.AddressesStrategy.BindAsync(AddressBindContext context, CancellationToken cancellationToken)
   at Microsoft.AspNetCore.Server.Kestrel.Core.Internal.AddressBinder.BindAsync(ListenOptions[] listenOptions, AddressBindContext context, Func`2 useHttps, CancellationToken cancellationToken)
   at Microsoft.AspNetCore.Server.Kestrel.Core.KestrelServerImpl.BindAsync(CancellationToken cancellationToken)
   at Microsoft.AspNetCore.Server.Kestrel.Core.KestrelServerImpl.StartAsync[TContext](IHttpApplication`1 application, CancellationToken cancellationToken)
   at Microsoft.AspNetCore.Hosting.GenericWebHostService.StartAsync(CancellationToken cancellationToken)
   at Microsoft.Extensions.Hosting.Internal.Host.<StartAsync>b__15_1(IHostedService service, CancellationToken token)
   at Microsoft.Extensions.Hosting.Internal.Host.ForeachService[T](IEnumerable`1 services, CancellationToken token, Boolean concurrent, Boolean abortOnFirstException, List`1 exceptions, Func`3 operation)
2025-02-16 22:42:29.148 +03:00 [INF] Now listening on: https://localhost:7026
2025-02-16 22:42:29.259 +03:00 [INF] Application started. Press Ctrl+C to shut down.
2025-02-16 22:42:29.260 +03:00 [INF] Hosting environment: Development
2025-02-16 22:42:29.261 +03:00 [INF] Content root path: C:\Web\Message-Test
2025-02-16 22:42:29.745 +03:00 [INF] Request starting HTTP/2 GET https://localhost:7026/swagger/index.html - null null
2025-02-16 22:42:29.905 +03:00 [INF] Request finished HTTP/2 GET https://localhost:7026/swagger/index.html - 200 null text/html;charset=utf-8 166.704ms
2025-02-16 22:42:29.906 +03:00 [INF] Request starting HTTP/2 GET https://localhost:7026/_vs/browserLink - null null
2025-02-16 22:42:29.906 +03:00 [INF] Request starting HTTP/2 GET https://localhost:7026/_framework/aspnetcore-browser-refresh.js - null null
2025-02-16 22:42:29.920 +03:00 [INF] Request finished HTTP/2 GET https://localhost:7026/_framework/aspnetcore-browser-refresh.js - 200 13758 application/javascript; charset=utf-8 13.3744ms
2025-02-16 22:42:29.955 +03:00 [INF] Request finished HTTP/2 GET https://localhost:7026/_vs/browserLink - 200 null text/javascript; charset=UTF-8 49.4708ms
2025-02-16 22:42:30.045 +03:00 [INF] Request starting HTTP/2 GET https://localhost:7026/swagger/v1/swagger.json - null null
2025-02-16 22:42:30.054 +03:00 [INF] Request finished HTTP/2 GET https://localhost:7026/swagger/v1/swagger.json - 200 null application/json;charset=utf-8 9.1889ms
2025-02-16 22:42:30.061 +03:00 [INF] Request starting HTTP/2 GET https://localhost:7026/swagger/favicon-32x32.png - null null
2025-02-16 22:42:30.073 +03:00 [INF] Sending file. Request path: '/favicon-32x32.png'. Physical path: 'N/A'
2025-02-16 22:42:30.074 +03:00 [INF] Request finished HTTP/2 GET https://localhost:7026/swagger/favicon-32x32.png - 200 628 image/png 13.4012ms
2025-02-16 22:42:52.576 +03:00 [INF] Request starting HTTP/2 POST https://localhost:7026/api/messages/SendMessage - application/json 95
2025-02-16 22:42:52.603 +03:00 [INF] Executing endpoint 'MessageTest.Controllers.MessagesController.SendMessage (MessageTest)'
2025-02-16 22:42:52.624 +03:00 [INF] Route matched with {action = "SendMessage", controller = "Messages"}. Executing controller action with signature System.Threading.Tasks.Task`1[Microsoft.AspNetCore.Mvc.IActionResult] SendMessage(MessageTest.Models.Dtos.MessageDto) on controller MessageTest.Controllers.MessagesController (MessageTest).
2025-02-16 22:42:52.675 +03:00 [INF] Получено сообщение: privet с номером 1739734967 и временем 16.02.2025 19:42:32
2025-02-16 22:42:52.723 +03:00 [INF] Сообщение с номером 1739734967 успешно сохранено
2025-02-16 22:42:52.729 +03:00 [INF] Executing StatusCodeResult, setting HTTP status code 200
2025-02-16 22:42:52.732 +03:00 [INF] Executed action MessageTest.Controllers.MessagesController.SendMessage (MessageTest) in 104.0539ms
2025-02-16 22:42:52.733 +03:00 [INF] Executed endpoint 'MessageTest.Controllers.MessagesController.SendMessage (MessageTest)'
2025-02-16 22:42:52.734 +03:00 [INF] Request finished HTTP/2 POST https://localhost:7026/api/messages/SendMessage - 200 0 null 158.3076ms
2025-02-16 22:48:01.155 +03:00 [INF] Request starting HTTP/2 GET https://localhost:7026/swagger/index.html - null null
2025-02-16 22:48:01.157 +03:00 [INF] Request starting HTTP/2 GET https://localhost:7026/swagger/index.html - null null
2025-02-16 22:48:01.164 +03:00 [INF] Request starting HTTP/2 GET https://localhost:7026/swagger/index.html - null null
2025-02-16 22:48:01.172 +03:00 [INF] Request starting HTTP/2 GET https://localhost:7026/swagger/index.html - null null
2025-02-16 22:48:01.184 +03:00 [INF] Request finished HTTP/2 GET https://localhost:7026/swagger/index.html - 200 null text/html;charset=utf-8 28.3157ms
2025-02-16 22:48:01.185 +03:00 [INF] Request starting HTTP/2 GET https://localhost:7026/swagger/index.html - null null
2025-02-16 22:48:01.202 +03:00 [INF] Request finished HTTP/2 GET https://localhost:7026/swagger/index.html - 200 null text/html;charset=utf-8 38.3225ms
2025-02-16 22:48:01.178 +03:00 [INF] Request starting HTTP/2 GET https://localhost:7026/swagger/index.html - null null
2025-02-16 22:48:01.169 +03:00 [INF] Request starting HTTP/2 GET https://localhost:7026/swagger/index.html - null null
2025-02-16 22:48:01.217 +03:00 [INF] Request finished HTTP/2 GET https://localhost:7026/swagger/index.html - 200 null text/html;charset=utf-8 31.9575ms
2025-02-16 22:48:01.185 +03:00 [INF] Request finished HTTP/2 GET https://localhost:7026/swagger/index.html - 200 null text/html;charset=utf-8 28.733ms
2025-02-16 22:48:01.183 +03:00 [INF] Request starting HTTP/2 GET https://localhost:7026/swagger/index.html - null null
2025-02-16 22:48:01.190 +03:00 [INF] Request starting HTTP/2 GET https://localhost:7026/swagger/index.html - null null
2025-02-16 22:48:01.223 +03:00 [INF] Request finished HTTP/2 GET https://localhost:7026/swagger/index.html - 200 null text/html;charset=utf-8 55.2385ms
2025-02-16 22:48:01.231 +03:00 [INF] Request finished HTTP/2 GET https://localhost:7026/swagger/index.html - 200 null text/html;charset=utf-8 48.6765ms
2025-02-16 22:48:01.191 +03:00 [INF] Request starting HTTP/2 GET https://localhost:7026/swagger/index.html - null null
2025-02-16 22:48:01.202 +03:00 [INF] Request starting HTTP/2 GET https://localhost:7026/swagger/index.html - null null
2025-02-16 22:48:01.233 +03:00 [INF] Request finished HTTP/2 GET https://localhost:7026/swagger/index.html - 200 null text/html;charset=utf-8 43.3761ms
2025-02-16 22:48:01.241 +03:00 [INF] Request finished HTTP/2 GET https://localhost:7026/swagger/index.html - 200 null text/html;charset=utf-8 50.1387ms
2025-02-16 22:48:01.210 +03:00 [INF] Request finished HTTP/2 GET https://localhost:7026/swagger/index.html - 200 null text/html;charset=utf-8 40.8489ms
2025-02-16 22:48:01.221 +03:00 [INF] Request finished HTTP/2 GET https://localhost:7026/swagger/index.html - 200 null text/html;charset=utf-8 42.5659ms
2025-02-16 22:48:01.247 +03:00 [INF] Request finished HTTP/2 GET https://localhost:7026/swagger/index.html - 200 null text/html;charset=utf-8 45.6547ms
2025-02-16 22:48:01.259 +03:00 [INF] Request starting HTTP/2 GET https://localhost:7026/_vs/browserLink - null null
2025-02-16 22:48:01.262 +03:00 [INF] Request starting HTTP/2 GET https://localhost:7026/_framework/aspnetcore-browser-refresh.js - null null
2025-02-16 22:48:01.268 +03:00 [INF] Request finished HTTP/2 GET https://localhost:7026/_framework/aspnetcore-browser-refresh.js - 200 13758 application/javascript; charset=utf-8 6.082ms
2025-02-16 22:48:01.273 +03:00 [INF] Request finished HTTP/2 GET https://localhost:7026/_vs/browserLink - 200 null text/javascript; charset=UTF-8 14.3545ms
2025-02-16 22:48:01.338 +03:00 [INF] Request starting HTTP/2 GET https://localhost:7026/swagger/v1/swagger.json - null null
2025-02-16 22:48:01.342 +03:00 [INF] Request finished HTTP/2 GET https://localhost:7026/swagger/v1/swagger.json - 200 null application/json;charset=utf-8 4.5273ms
2025-02-16 22:53:19.042 +03:00 [ERR] Hosting failed to start
System.Net.Sockets.SocketException (10013): Сделана попытка доступа к сокету методом, запрещенным правами доступа.
   at System.Net.Sockets.Socket.UpdateStatusAfterSocketErrorAndThrowException(SocketError error, Boolean disconnectOnFailure, String callerName)
   at System.Net.Sockets.Socket.DoBind(EndPoint endPointSnapshot, SocketAddress socketAddress)
   at System.Net.Sockets.Socket.Bind(EndPoint localEP)
   at Microsoft.AspNetCore.Server.Kestrel.Transport.Sockets.SocketTransportOptions.CreateDefaultBoundListenSocket(EndPoint endpoint)
   at Microsoft.AspNetCore.Server.Kestrel.Transport.Sockets.SocketConnectionListener.Bind()
   at Microsoft.AspNetCore.Server.Kestrel.Transport.Sockets.SocketTransportFactory.BindAsync(EndPoint endpoint, CancellationToken cancellationToken)
   at Microsoft.AspNetCore.Server.Kestrel.Core.Internal.Infrastructure.TransportManager.BindAsync(EndPoint endPoint, ConnectionDelegate connectionDelegate, EndpointConfig endpointConfig, CancellationToken cancellationToken)
   at Microsoft.AspNetCore.Server.Kestrel.Core.KestrelServerImpl.<>c__DisplayClass28_0`1.<<StartAsync>g__OnBind|0>d.MoveNext()
--- End of stack trace from previous location ---
   at Microsoft.AspNetCore.Server.Kestrel.Core.Internal.AddressBinder.BindEndpointAsync(ListenOptions endpoint, AddressBindContext context, CancellationToken cancellationToken)
   at Microsoft.AspNetCore.Server.Kestrel.Core.ListenOptions.BindAsync(AddressBindContext context, CancellationToken cancellationToken)
   at Microsoft.AspNetCore.Server.Kestrel.Core.Internal.AddressBinder.AddressesStrategy.BindAsync(AddressBindContext context, CancellationToken cancellationToken)
   at Microsoft.AspNetCore.Server.Kestrel.Core.Internal.AddressBinder.BindAsync(ListenOptions[] listenOptions, AddressBindContext context, Func`2 useHttps, CancellationToken cancellationToken)
   at Microsoft.AspNetCore.Server.Kestrel.Core.KestrelServerImpl.BindAsync(CancellationToken cancellationToken)
   at Microsoft.AspNetCore.Server.Kestrel.Core.KestrelServerImpl.StartAsync[TContext](IHttpApplication`1 application, CancellationToken cancellationToken)
   at Microsoft.AspNetCore.Hosting.GenericWebHostService.StartAsync(CancellationToken cancellationToken)
   at Microsoft.Extensions.Hosting.Internal.Host.<StartAsync>b__15_1(IHostedService service, CancellationToken token)
   at Microsoft.Extensions.Hosting.Internal.Host.ForeachService[T](IEnumerable`1 services, CancellationToken token, Boolean concurrent, Boolean abortOnFirstException, List`1 exceptions, Func`3 operation)
2025-02-16 22:53:34.614 +03:00 [INF] Now listening on: https://localhost:7026
2025-02-16 22:53:34.710 +03:00 [INF] Application started. Press Ctrl+C to shut down.
2025-02-16 22:53:34.711 +03:00 [INF] Hosting environment: Development
2025-02-16 22:53:34.711 +03:00 [INF] Content root path: C:\Web\Message-Test
2025-02-16 22:53:35.082 +03:00 [INF] Request starting HTTP/2 GET https://localhost:7026/swagger/index.html - null null
2025-02-16 22:53:35.210 +03:00 [INF] Request finished HTTP/2 GET https://localhost:7026/swagger/index.html - 200 null text/html;charset=utf-8 134.1126ms
2025-02-16 22:53:35.213 +03:00 [INF] Request starting HTTP/2 GET https://localhost:7026/_vs/browserLink - null null
2025-02-16 22:53:35.213 +03:00 [INF] Request starting HTTP/2 GET https://localhost:7026/_framework/aspnetcore-browser-refresh.js - null null
2025-02-16 22:53:35.223 +03:00 [INF] Request finished HTTP/2 GET https://localhost:7026/_framework/aspnetcore-browser-refresh.js - 200 13758 application/javascript; charset=utf-8 10.5386ms
2025-02-16 22:53:35.246 +03:00 [INF] Request finished HTTP/2 GET https://localhost:7026/_vs/browserLink - 200 null text/javascript; charset=UTF-8 34.4564ms
2025-02-16 22:53:35.277 +03:00 [INF] Request starting HTTP/2 GET https://localhost:7026/swagger/v1/swagger.json - null null
2025-02-16 22:53:35.286 +03:00 [INF] Request finished HTTP/2 GET https://localhost:7026/swagger/v1/swagger.json - 200 null application/json;charset=utf-8 9.0941ms
2025-02-16 22:56:55.354 +03:00 [INF] Now listening on: https://localhost:7026
2025-02-16 22:56:55.468 +03:00 [INF] Application started. Press Ctrl+C to shut down.
2025-02-16 22:56:55.469 +03:00 [INF] Hosting environment: Development
2025-02-16 22:56:55.470 +03:00 [INF] Content root path: C:\Web\Message-Test
2025-02-16 22:56:55.605 +03:00 [INF] Request starting HTTP/2 GET https://localhost:7026/swagger/index.html - null null
2025-02-16 22:56:55.723 +03:00 [INF] Request finished HTTP/2 GET https://localhost:7026/swagger/index.html - 200 null text/html;charset=utf-8 123.1829ms
2025-02-16 22:56:55.727 +03:00 [INF] Request starting HTTP/2 GET https://localhost:7026/_vs/browserLink - null null
2025-02-16 22:56:55.727 +03:00 [INF] Request starting HTTP/2 GET https://localhost:7026/_framework/aspnetcore-browser-refresh.js - null null
2025-02-16 22:56:55.738 +03:00 [INF] Request finished HTTP/2 GET https://localhost:7026/_framework/aspnetcore-browser-refresh.js - 200 13758 application/javascript; charset=utf-8 11.6219ms
2025-02-16 22:56:55.759 +03:00 [INF] Request finished HTTP/2 GET https://localhost:7026/_vs/browserLink - 200 null text/javascript; charset=UTF-8 32.612ms
2025-02-16 22:56:55.789 +03:00 [INF] Request starting HTTP/2 GET https://localhost:7026/swagger/v1/swagger.json - null null
2025-02-16 22:56:55.796 +03:00 [INF] Request finished HTTP/2 GET https://localhost:7026/swagger/v1/swagger.json - 200 null application/json;charset=utf-8 7.0788ms
2025-02-16 22:57:57.838 +03:00 [INF] Now listening on: https://localhost:7026
2025-02-16 22:57:57.944 +03:00 [INF] Application started. Press Ctrl+C to shut down.
2025-02-16 22:57:57.945 +03:00 [INF] Hosting environment: Development
2025-02-16 22:57:57.945 +03:00 [INF] Content root path: C:\Web\Message-Test
2025-02-16 22:57:58.627 +03:00 [INF] Request starting HTTP/2 GET https://localhost:7026/swagger/index.html - null null
2025-02-16 22:57:58.783 +03:00 [INF] Request finished HTTP/2 GET https://localhost:7026/swagger/index.html - 200 null text/html;charset=utf-8 168.5879ms
2025-02-16 22:57:58.787 +03:00 [INF] Request starting HTTP/2 GET https://localhost:7026/_framework/aspnetcore-browser-refresh.js - null null
2025-02-16 22:57:58.788 +03:00 [INF] Request starting HTTP/2 GET https://localhost:7026/_vs/browserLink - null null
2025-02-16 22:57:58.793 +03:00 [INF] Request finished HTTP/2 GET https://localhost:7026/_framework/aspnetcore-browser-refresh.js - 200 13758 application/javascript; charset=utf-8 7.0815ms
2025-02-16 22:57:58.819 +03:00 [INF] Request finished HTTP/2 GET https://localhost:7026/_vs/browserLink - 200 null text/javascript; charset=UTF-8 31.9274ms
2025-02-16 22:57:58.858 +03:00 [INF] Request starting HTTP/2 GET https://localhost:7026/swagger/v1/swagger.json - null null
2025-02-16 22:57:58.866 +03:00 [INF] Request finished HTTP/2 GET https://localhost:7026/swagger/v1/swagger.json - 200 null application/json;charset=utf-8 8.4393ms
2025-02-16 22:58:45.755 +03:00 [INF] Now listening on: https://localhost:7026
2025-02-16 22:58:45.858 +03:00 [INF] Application started. Press Ctrl+C to shut down.
2025-02-16 22:58:45.859 +03:00 [INF] Hosting environment: Development
2025-02-16 22:58:45.859 +03:00 [INF] Content root path: C:\Web\Message-Test
2025-02-16 22:58:46.274 +03:00 [INF] Request starting HTTP/2 GET https://localhost:7026/swagger/index.html - null null
2025-02-16 22:58:46.411 +03:00 [INF] Request finished HTTP/2 GET https://localhost:7026/swagger/index.html - 200 null text/html;charset=utf-8 143.1371ms
2025-02-16 22:58:46.415 +03:00 [INF] Request starting HTTP/2 GET https://localhost:7026/_framework/aspnetcore-browser-refresh.js - null null
2025-02-16 22:58:46.415 +03:00 [INF] Request starting HTTP/2 GET https://localhost:7026/_vs/browserLink - null null
2025-02-16 22:58:46.421 +03:00 [INF] Request finished HTTP/2 GET https://localhost:7026/_framework/aspnetcore-browser-refresh.js - 200 13758 application/javascript; charset=utf-8 6.8958ms
2025-02-16 22:58:46.457 +03:00 [INF] Request finished HTTP/2 GET https://localhost:7026/_vs/browserLink - 200 null text/javascript; charset=UTF-8 43.2723ms
2025-02-16 22:58:46.489 +03:00 [INF] Request starting HTTP/2 GET https://localhost:7026/swagger/v1/swagger.json - null null
2025-02-16 22:58:46.501 +03:00 [INF] Request finished HTTP/2 GET https://localhost:7026/swagger/v1/swagger.json - 200 null application/json;charset=utf-8 12.4288ms
2025-02-16 23:00:13.731 +03:00 [INF] Now listening on: https://localhost:7026
2025-02-16 23:00:13.878 +03:00 [INF] Application started. Press Ctrl+C to shut down.
2025-02-16 23:00:13.879 +03:00 [INF] Hosting environment: Development
2025-02-16 23:00:13.880 +03:00 [INF] Content root path: C:\Web\Message-Test
2025-02-16 23:00:14.031 +03:00 [INF] Request starting HTTP/2 GET https://localhost:7026/swagger/index.html - null null
2025-02-16 23:00:14.195 +03:00 [INF] Request finished HTTP/2 GET https://localhost:7026/swagger/index.html - 200 null text/html;charset=utf-8 172.7877ms
2025-02-16 23:00:14.201 +03:00 [INF] Request starting HTTP/2 GET https://localhost:7026/_vs/browserLink - null null
2025-02-16 23:00:14.201 +03:00 [INF] Request starting HTTP/2 GET https://localhost:7026/_framework/aspnetcore-browser-refresh.js - null null
2025-02-16 23:00:14.211 +03:00 [INF] Request finished HTTP/2 GET https://localhost:7026/_framework/aspnetcore-browser-refresh.js - 200 13758 application/javascript; charset=utf-8 11.6222ms
2025-02-16 23:00:14.239 +03:00 [INF] Request finished HTTP/2 GET https://localhost:7026/_vs/browserLink - 200 null text/javascript; charset=UTF-8 38.888ms
2025-02-16 23:00:14.277 +03:00 [INF] Request starting HTTP/2 GET https://localhost:7026/swagger/v1/swagger.json - null null
2025-02-16 23:00:14.289 +03:00 [INF] Request finished HTTP/2 GET https://localhost:7026/swagger/v1/swagger.json - 200 null application/json;charset=utf-8 11.9814ms
2025-02-16 23:01:11.975 +03:00 [INF] Now listening on: https://localhost:7026
2025-02-16 23:01:12.098 +03:00 [INF] Application started. Press Ctrl+C to shut down.
2025-02-16 23:01:12.099 +03:00 [INF] Hosting environment: Development
2025-02-16 23:01:12.100 +03:00 [INF] Content root path: C:\Web\Message-Test
2025-02-16 23:01:12.332 +03:00 [INF] Request starting HTTP/2 GET https://localhost:7026/swagger/index.html - null null
2025-02-16 23:01:12.458 +03:00 [INF] Request finished HTTP/2 GET https://localhost:7026/swagger/index.html - 200 null text/html;charset=utf-8 132.4437ms
2025-02-16 23:01:12.462 +03:00 [INF] Request starting HTTP/2 GET https://localhost:7026/_vs/browserLink - null null
2025-02-16 23:01:12.462 +03:00 [INF] Request starting HTTP/2 GET https://localhost:7026/_framework/aspnetcore-browser-refresh.js - null null
2025-02-16 23:01:12.471 +03:00 [INF] Request finished HTTP/2 GET https://localhost:7026/_framework/aspnetcore-browser-refresh.js - 200 13758 application/javascript; charset=utf-8 9.4605ms
2025-02-16 23:01:12.493 +03:00 [INF] Request finished HTTP/2 GET https://localhost:7026/_vs/browserLink - 200 null text/javascript; charset=UTF-8 31.2534ms
2025-02-16 23:01:12.526 +03:00 [INF] Request starting HTTP/2 GET https://localhost:7026/swagger/v1/swagger.json - null null
2025-02-16 23:01:12.535 +03:00 [INF] Request finished HTTP/2 GET https://localhost:7026/swagger/v1/swagger.json - 200 null application/json;charset=utf-8 10.1143ms
2025-02-16 23:01:30.466 +03:00 [INF] Now listening on: https://localhost:7026
2025-02-16 23:01:30.570 +03:00 [INF] Application started. Press Ctrl+C to shut down.
2025-02-16 23:01:30.571 +03:00 [INF] Hosting environment: Development
2025-02-16 23:01:30.572 +03:00 [INF] Content root path: C:\Web\Message-Test
2025-02-16 23:01:30.888 +03:00 [INF] Request starting HTTP/2 GET https://localhost:7026/swagger/index.html - null null
2025-02-16 23:01:31.018 +03:00 [INF] Request finished HTTP/2 GET https://localhost:7026/swagger/index.html - 200 null text/html;charset=utf-8 136.2161ms
2025-02-16 23:01:31.022 +03:00 [INF] Request starting HTTP/2 GET https://localhost:7026/_framework/aspnetcore-browser-refresh.js - null null
2025-02-16 23:01:31.022 +03:00 [INF] Request starting HTTP/2 GET https://localhost:7026/_vs/browserLink - null null
2025-02-16 23:01:31.029 +03:00 [INF] Request finished HTTP/2 GET https://localhost:7026/_framework/aspnetcore-browser-refresh.js - 200 13758 application/javascript; charset=utf-8 7.1792ms
2025-02-16 23:01:31.056 +03:00 [INF] Request finished HTTP/2 GET https://localhost:7026/_vs/browserLink - 200 null text/javascript; charset=UTF-8 34.504ms
2025-02-16 23:01:31.084 +03:00 [INF] Request starting HTTP/2 GET https://localhost:7026/swagger/v1/swagger.json - null null
2025-02-16 23:01:31.094 +03:00 [INF] Request finished HTTP/2 GET https://localhost:7026/swagger/v1/swagger.json - 200 null application/json;charset=utf-8 10.2795ms
2025-02-16 23:07:10.914 +03:00 [INF] Now listening on: https://localhost:7026
2025-02-16 23:07:11.012 +03:00 [INF] Application started. Press Ctrl+C to shut down.
2025-02-16 23:07:11.013 +03:00 [INF] Hosting environment: Development
2025-02-16 23:07:11.014 +03:00 [INF] Content root path: C:\Web\Message-Test
2025-02-16 23:07:11.601 +03:00 [INF] Request starting HTTP/2 GET https://localhost:7026/swagger/index.html - null null
2025-02-16 23:07:11.736 +03:00 [INF] Request finished HTTP/2 GET https://localhost:7026/swagger/index.html - 200 null text/html;charset=utf-8 142.5072ms
2025-02-16 23:07:11.741 +03:00 [INF] Request starting HTTP/2 GET https://localhost:7026/_framework/aspnetcore-browser-refresh.js - null null
2025-02-16 23:07:11.741 +03:00 [INF] Request starting HTTP/2 GET https://localhost:7026/_vs/browserLink - null null
2025-02-16 23:07:11.747 +03:00 [INF] Request finished HTTP/2 GET https://localhost:7026/_framework/aspnetcore-browser-refresh.js - 200 13758 application/javascript; charset=utf-8 6.7443ms
2025-02-16 23:07:11.778 +03:00 [INF] Request finished HTTP/2 GET https://localhost:7026/_vs/browserLink - 200 null text/javascript; charset=UTF-8 38.0558ms
2025-02-16 23:07:11.811 +03:00 [INF] Request starting HTTP/2 GET https://localhost:7026/swagger/v1/swagger.json - null null
2025-02-16 23:07:11.821 +03:00 [INF] Request finished HTTP/2 GET https://localhost:7026/swagger/v1/swagger.json - 200 null application/json;charset=utf-8 9.9595ms
2025-02-16 23:08:00.453 +03:00 [INF] Now listening on: https://localhost:7026
2025-02-16 23:08:00.555 +03:00 [INF] Application started. Press Ctrl+C to shut down.
2025-02-16 23:08:00.556 +03:00 [INF] Hosting environment: Development
2025-02-16 23:08:00.557 +03:00 [INF] Content root path: C:\Web\Message-Test
2025-02-16 23:08:01.122 +03:00 [INF] Request starting HTTP/2 GET https://localhost:7026/swagger/index.html - null null
2025-02-16 23:08:01.254 +03:00 [INF] Request finished HTTP/2 GET https://localhost:7026/swagger/index.html - 200 null text/html;charset=utf-8 140.0459ms
2025-02-16 23:08:01.257 +03:00 [INF] Request starting HTTP/2 GET https://localhost:7026/_framework/aspnetcore-browser-refresh.js - null null
2025-02-16 23:08:01.257 +03:00 [INF] Request starting HTTP/2 GET https://localhost:7026/_vs/browserLink - null null
2025-02-16 23:08:01.263 +03:00 [INF] Request finished HTTP/2 GET https://localhost:7026/_framework/aspnetcore-browser-refresh.js - 200 13758 application/javascript; charset=utf-8 6.1614ms
2025-02-16 23:08:01.292 +03:00 [INF] Request finished HTTP/2 GET https://localhost:7026/_vs/browserLink - 200 null text/javascript; charset=UTF-8 34.9899ms
2025-02-16 23:08:01.321 +03:00 [INF] Request starting HTTP/2 GET https://localhost:7026/swagger/v1/swagger.json - null null
2025-02-16 23:08:01.328 +03:00 [INF] Request finished HTTP/2 GET https://localhost:7026/swagger/v1/swagger.json - 200 null application/json;charset=utf-8 7.1123ms
2025-02-16 23:09:52.991 +03:00 [INF] Now listening on: https://localhost:7026
2025-02-16 23:09:53.101 +03:00 [INF] Application started. Press Ctrl+C to shut down.
2025-02-16 23:09:53.102 +03:00 [INF] Hosting environment: Development
2025-02-16 23:09:53.103 +03:00 [INF] Content root path: C:\Web\Message-Test
2025-02-16 23:09:53.631 +03:00 [INF] Request starting HTTP/2 GET https://localhost:7026/swagger/index.html - null null
2025-02-16 23:09:53.762 +03:00 [INF] Request finished HTTP/2 GET https://localhost:7026/swagger/index.html - 200 null text/html;charset=utf-8 137.2296ms
2025-02-16 23:09:53.769 +03:00 [INF] Request starting HTTP/2 GET https://localhost:7026/_vs/browserLink - null null
2025-02-16 23:09:53.769 +03:00 [INF] Request starting HTTP/2 GET https://localhost:7026/_framework/aspnetcore-browser-refresh.js - null null
2025-02-16 23:09:53.786 +03:00 [INF] Request finished HTTP/2 GET https://localhost:7026/_framework/aspnetcore-browser-refresh.js - 200 13758 application/javascript; charset=utf-8 17.0833ms
2025-02-16 23:09:53.807 +03:00 [INF] Request finished HTTP/2 GET https://localhost:7026/_vs/browserLink - 200 null text/javascript; charset=UTF-8 38.1892ms
2025-02-16 23:09:53.833 +03:00 [INF] Request starting HTTP/2 GET https://localhost:7026/swagger/v1/swagger.json - null null
2025-02-16 23:09:53.843 +03:00 [INF] Request finished HTTP/2 GET https://localhost:7026/swagger/v1/swagger.json - 200 null application/json;charset=utf-8 9.9164ms
2025-02-16 23:12:51.733 +03:00 [INF] Now listening on: https://localhost:7026
2025-02-16 23:12:51.873 +03:00 [INF] Application started. Press Ctrl+C to shut down.
2025-02-16 23:12:51.874 +03:00 [INF] Hosting environment: Development
2025-02-16 23:12:51.875 +03:00 [INF] Content root path: C:\Web\Message-Test
2025-02-16 23:12:51.988 +03:00 [INF] Request starting HTTP/2 GET https://localhost:7026/swagger/index.html - null null
2025-02-16 23:12:52.134 +03:00 [INF] Request finished HTTP/2 GET https://localhost:7026/swagger/index.html - 200 null text/html;charset=utf-8 152.8667ms
2025-02-16 23:12:52.134 +03:00 [INF] Request starting HTTP/2 GET https://localhost:7026/_framework/aspnetcore-browser-refresh.js - null null
2025-02-16 23:12:52.134 +03:00 [INF] Request starting HTTP/2 GET https://localhost:7026/_vs/browserLink - null null
2025-02-16 23:12:52.144 +03:00 [INF] Request finished HTTP/2 GET https://localhost:7026/_framework/aspnetcore-browser-refresh.js - 200 13758 application/javascript; charset=utf-8 10.1016ms
2025-02-16 23:12:52.181 +03:00 [INF] Request finished HTTP/2 GET https://localhost:7026/_vs/browserLink - 200 null text/javascript; charset=UTF-8 47.1668ms
2025-02-16 23:12:52.209 +03:00 [INF] Request starting HTTP/2 GET https://localhost:7026/swagger/v1/swagger.json - null null
2025-02-16 23:12:52.217 +03:00 [INF] Request finished HTTP/2 GET https://localhost:7026/swagger/v1/swagger.json - 200 null application/json;charset=utf-8 7.9807ms
2025-02-16 23:16:14.464 +03:00 [INF] Now listening on: http://localhost:7026
2025-02-16 23:16:14.577 +03:00 [INF] Application started. Press Ctrl+C to shut down.
2025-02-16 23:16:14.578 +03:00 [INF] Hosting environment: Development
2025-02-16 23:16:14.578 +03:00 [INF] Content root path: C:\Web\Message-Test
2025-02-16 23:16:14.977 +03:00 [INF] Request starting HTTP/1.1 GET http://localhost:7026/swagger/index.html - null null
2025-02-16 23:16:15.143 +03:00 [INF] Request finished HTTP/1.1 GET http://localhost:7026/swagger/index.html - 200 null text/html;charset=utf-8 172.5201ms
2025-02-16 23:16:15.149 +03:00 [INF] Request starting HTTP/1.1 GET http://localhost:7026/_framework/aspnetcore-browser-refresh.js - null null
2025-02-16 23:16:15.149 +03:00 [INF] Request starting HTTP/1.1 GET http://localhost:7026/_vs/browserLink - null null
2025-02-16 23:16:15.154 +03:00 [INF] Request finished HTTP/1.1 GET http://localhost:7026/_framework/aspnetcore-browser-refresh.js - 200 13758 application/javascript; charset=utf-8 6.2747ms
2025-02-16 23:16:15.186 +03:00 [INF] Request finished HTTP/1.1 GET http://localhost:7026/_vs/browserLink - 200 null text/javascript; charset=UTF-8 36.7509ms
2025-02-16 23:16:15.223 +03:00 [INF] Request starting HTTP/1.1 GET http://localhost:7026/swagger/v1/swagger.json - null null
2025-02-16 23:16:15.231 +03:00 [INF] Request finished HTTP/1.1 GET http://localhost:7026/swagger/v1/swagger.json - 200 null application/json;charset=utf-8 7.4718ms
2025-02-16 23:16:22.971 +03:00 [INF] Request starting HTTP/1.1 OPTIONS http://localhost:7026/api/messages/sendmessage - null null
2025-02-16 23:16:22.977 +03:00 [INF] CORS policy execution successful.
2025-02-16 23:16:22.979 +03:00 [INF] Request finished HTTP/1.1 OPTIONS http://localhost:7026/api/messages/sendmessage - 204 null null 8.0415ms
2025-02-16 23:16:22.982 +03:00 [INF] Request starting HTTP/1.1 POST http://localhost:7026/api/messages/sendmessage - application/json 81
2025-02-16 23:16:22.984 +03:00 [INF] CORS policy execution successful.
2025-02-16 23:16:22.999 +03:00 [INF] Executing endpoint 'MessageTest.Controllers.MessagesController.SendMessage (MessageTest)'
2025-02-16 23:16:23.020 +03:00 [INF] Route matched with {action = "SendMessage", controller = "Messages"}. Executing controller action with signature System.Threading.Tasks.Task`1[Microsoft.AspNetCore.Mvc.IActionResult] SendMessage(MessageTest.Models.Dtos.MessageDto) on controller MessageTest.Controllers.MessagesController (MessageTest).
2025-02-16 23:16:23.058 +03:00 [INF] Получен запрос SendMessage: в
1739736982967
16.02.2025 20:16:22
2025-02-16 23:16:23.060 +03:00 [INF] Получено сообщение: в с номером 1739736982967 и временем 16.02.2025 20:16:22
2025-02-16 23:16:23.111 +03:00 [INF] Сообщение с номером 1739736982967 успешно сохранено
2025-02-16 23:16:23.119 +03:00 [INF] Executing StatusCodeResult, setting HTTP status code 200
2025-02-16 23:16:23.123 +03:00 [INF] Executed action MessageTest.Controllers.MessagesController.SendMessage (MessageTest) in 97.7432ms
2025-02-16 23:16:23.124 +03:00 [INF] Executed endpoint 'MessageTest.Controllers.MessagesController.SendMessage (MessageTest)'
2025-02-16 23:16:23.126 +03:00 [INF] Request finished HTTP/1.1 POST http://localhost:7026/api/messages/sendmessage - 200 0 null 144.0248ms
2025-02-16 23:16:30.707 +03:00 [INF] Request starting HTTP/1.1 GET http://localhost:7026/messageHub - null null
2025-02-16 23:16:30.710 +03:00 [INF] CORS policy execution successful.
2025-02-16 23:16:30.712 +03:00 [INF] Executing endpoint '/messageHub'
2025-02-16 23:16:30.734 +03:00 [INF] Executed endpoint '/messageHub'
2025-02-16 23:16:30.735 +03:00 [INF] Request finished HTTP/1.1 GET http://localhost:7026/messageHub - 101 null null 28.061ms
2025-02-16 23:16:30.739 +03:00 [INF] Request starting HTTP/1.1 GET http://localhost:7026/messageHub - null null
2025-02-16 23:16:30.741 +03:00 [INF] CORS policy execution successful.
2025-02-16 23:16:30.741 +03:00 [INF] Executing endpoint '/messageHub'
2025-02-16 23:17:29.634 +03:00 [INF] Now listening on: http://localhost:7026
2025-02-16 23:17:29.773 +03:00 [INF] Application started. Press Ctrl+C to shut down.
2025-02-16 23:17:29.775 +03:00 [INF] Hosting environment: Development
2025-02-16 23:17:29.775 +03:00 [INF] Content root path: C:\Web\Message-Test
2025-02-16 23:17:29.981 +03:00 [INF] Request starting HTTP/1.1 GET http://localhost:7026/swagger/index.html - null null
2025-02-16 23:17:30.125 +03:00 [INF] Request finished HTTP/1.1 GET http://localhost:7026/swagger/index.html - 200 null text/html;charset=utf-8 150.0966ms
2025-02-16 23:17:30.129 +03:00 [INF] Request starting HTTP/1.1 GET http://localhost:7026/_vs/browserLink - null null
2025-02-16 23:17:30.130 +03:00 [INF] Request starting HTTP/1.1 GET http://localhost:7026/_framework/aspnetcore-browser-refresh.js - null null
2025-02-16 23:17:30.134 +03:00 [INF] Request finished HTTP/1.1 GET http://localhost:7026/_framework/aspnetcore-browser-refresh.js - 200 13758 application/javascript; charset=utf-8 4.2268ms
2025-02-16 23:17:30.160 +03:00 [INF] Request finished HTTP/1.1 GET http://localhost:7026/_vs/browserLink - 200 null text/javascript; charset=UTF-8 32.1068ms
2025-02-16 23:17:30.196 +03:00 [INF] Request starting HTTP/1.1 GET http://localhost:7026/swagger/v1/swagger.json - null null
2025-02-16 23:17:30.206 +03:00 [INF] Request finished HTTP/1.1 GET http://localhost:7026/swagger/v1/swagger.json - 200 null application/json;charset=utf-8 9.1986ms
2025-02-16 23:17:38.645 +03:00 [INF] Request starting HTTP/1.1 GET http://localhost:7026/messageHub - null null
2025-02-16 23:17:38.652 +03:00 [INF] CORS policy execution successful.
2025-02-16 23:17:38.670 +03:00 [INF] Executing endpoint '/messageHub'
2025-02-16 23:17:38.695 +03:00 [INF] Executed endpoint '/messageHub'
2025-02-16 23:17:38.696 +03:00 [INF] Request starting HTTP/1.1 GET http://localhost:7026/messageHub - null null
2025-02-16 23:17:38.699 +03:00 [INF] Request finished HTTP/1.1 GET http://localhost:7026/messageHub - 101 null null 53.9119ms
2025-02-16 23:17:38.700 +03:00 [INF] CORS policy execution successful.
2025-02-16 23:17:38.702 +03:00 [INF] Executing endpoint '/messageHub'
2025-02-16 23:17:45.957 +03:00 [INF] Executed endpoint '/messageHub'
2025-02-16 23:17:45.959 +03:00 [INF] Request finished HTTP/1.1 GET http://localhost:7026/messageHub - 101 null null 7262.9303ms
2025-02-16 23:17:46.409 +03:00 [INF] Request starting HTTP/1.1 GET http://localhost:7026/messageHub - null null
2025-02-16 23:17:46.412 +03:00 [INF] CORS policy execution successful.
2025-02-16 23:17:46.413 +03:00 [INF] Executing endpoint '/messageHub'
2025-02-16 23:17:46.416 +03:00 [INF] Executed endpoint '/messageHub'
2025-02-16 23:17:46.417 +03:00 [INF] Request finished HTTP/1.1 GET http://localhost:7026/messageHub - 101 null null 7.8765ms
2025-02-16 23:17:46.429 +03:00 [INF] Request starting HTTP/1.1 GET http://localhost:7026/messageHub - null null
2025-02-16 23:17:46.431 +03:00 [INF] CORS policy execution successful.
2025-02-16 23:17:46.431 +03:00 [INF] Executing endpoint '/messageHub'
2025-02-16 23:17:58.847 +03:00 [INF] Request starting HTTP/1.1 GET http://localhost:7026/messageHub - null null
2025-02-16 23:17:58.850 +03:00 [INF] CORS policy execution successful.
2025-02-16 23:17:58.851 +03:00 [INF] Executing endpoint '/messageHub'
2025-02-16 23:17:58.853 +03:00 [INF] Executed endpoint '/messageHub'
2025-02-16 23:17:58.854 +03:00 [INF] Request finished HTTP/1.1 GET http://localhost:7026/messageHub - 101 null null 6.7364ms
2025-02-16 23:17:58.872 +03:00 [INF] Request starting HTTP/1.1 GET http://localhost:7026/messageHub - null null
2025-02-16 23:17:58.874 +03:00 [INF] CORS policy execution successful.
2025-02-16 23:17:58.875 +03:00 [INF] Executing endpoint '/messageHub'
2025-02-16 23:17:59.931 +03:00 [INF] Executed endpoint '/messageHub'
2025-02-16 23:17:59.932 +03:00 [INF] Request finished HTTP/1.1 GET http://localhost:7026/messageHub - 101 null null 1059.6384ms
2025-02-16 23:18:00.636 +03:00 [INF] Request starting HTTP/1.1 GET http://localhost:7026/api/messages/gethistory?from=2025-02-16T20:08:00.631Z&to=2025-02-16T20:18:00.631Z - null null
2025-02-16 23:18:00.636 +03:00 [INF] Request starting HTTP/1.1 GET http://localhost:7026/api/messages/gethistory?from=2025-02-16T20:08:00.632Z&to=2025-02-16T20:18:00.632Z - null null
2025-02-16 23:18:00.639 +03:00 [INF] CORS policy execution successful.
2025-02-16 23:18:00.640 +03:00 [INF] CORS policy execution successful.
2025-02-16 23:18:00.641 +03:00 [INF] Executing endpoint 'MessageTest.Controllers.MessagesController.GetHistory (MessageTest)'
2025-02-16 23:18:00.642 +03:00 [INF] Executing endpoint 'MessageTest.Controllers.MessagesController.GetHistory (MessageTest)'
2025-02-16 23:18:00.659 +03:00 [INF] Route matched with {action = "GetHistory", controller = "Messages"}. Executing controller action with signature System.Threading.Tasks.Task`1[Microsoft.AspNetCore.Mvc.IActionResult] GetHistory(System.DateTimeOffset, System.DateTimeOffset) on controller MessageTest.Controllers.MessagesController (MessageTest).
2025-02-16 23:18:00.659 +03:00 [INF] Route matched with {action = "GetHistory", controller = "Messages"}. Executing controller action with signature System.Threading.Tasks.Task`1[Microsoft.AspNetCore.Mvc.IActionResult] GetHistory(System.DateTimeOffset, System.DateTimeOffset) on controller MessageTest.Controllers.MessagesController (MessageTest).
2025-02-16 23:18:00.678 +03:00 [INF] Запрос сообщений от 16.02.2025 20:08:00 +00:00 до 16.02.2025 20:18:00 +00:00
2025-02-16 23:18:00.678 +03:00 [INF] Запрос сообщений от 16.02.2025 20:08:00 +00:00 до 16.02.2025 20:18:00 +00:00
2025-02-16 23:18:00.679 +03:00 [INF] Попытка подключения к базе данных для получения сообщений...
2025-02-16 23:18:00.680 +03:00 [INF] Попытка подключения к базе данных для получения сообщений...
2025-02-16 23:18:00.732 +03:00 [INF] Найдено 1 сообщений в базе данных
2025-02-16 23:18:00.732 +03:00 [INF] Найдено 1 сообщений в базе данных
2025-02-16 23:18:00.740 +03:00 [INF] Executing OkObjectResult, writing value of type 'System.Collections.Generic.List`1[[MessageTest.Models.Dtos.MessageDto, MessageTest, Version=1.0.0.0, Culture=neutral, PublicKeyToken=null]]'.
2025-02-16 23:18:00.740 +03:00 [INF] Executing OkObjectResult, writing value of type 'System.Collections.Generic.List`1[[MessageTest.Models.Dtos.MessageDto, MessageTest, Version=1.0.0.0, Culture=neutral, PublicKeyToken=null]]'.
2025-02-16 23:18:00.753 +03:00 [INF] Executed action MessageTest.Controllers.MessagesController.GetHistory (MessageTest) in 89.8241ms
2025-02-16 23:18:00.753 +03:00 [INF] Executed action MessageTest.Controllers.MessagesController.GetHistory (MessageTest) in 88.4921ms
2025-02-16 23:18:00.754 +03:00 [INF] Executed endpoint 'MessageTest.Controllers.MessagesController.GetHistory (MessageTest)'
2025-02-16 23:18:00.755 +03:00 [INF] Executed endpoint 'MessageTest.Controllers.MessagesController.GetHistory (MessageTest)'
2025-02-16 23:18:00.756 +03:00 [INF] Request finished HTTP/1.1 GET http://localhost:7026/api/messages/gethistory?from=2025-02-16T20:08:00.631Z&to=2025-02-16T20:18:00.631Z - 200 null application/json; charset=utf-8 120.4667ms
2025-02-16 23:18:00.757 +03:00 [INF] Request finished HTTP/1.1 GET http://localhost:7026/api/messages/gethistory?from=2025-02-16T20:08:00.632Z&to=2025-02-16T20:18:00.632Z - 200 null application/json; charset=utf-8 121.3087ms
2025-02-16 23:18:02.830 +03:00 [INF] Request starting HTTP/1.1 GET http://localhost:7026/messageHub - null null
2025-02-16 23:18:02.832 +03:00 [INF] CORS policy execution successful.
2025-02-16 23:18:02.833 +03:00 [INF] Executing endpoint '/messageHub'
2025-02-16 23:18:02.835 +03:00 [INF] Executed endpoint '/messageHub'
2025-02-16 23:18:02.836 +03:00 [INF] Request finished HTTP/1.1 GET http://localhost:7026/messageHub - 101 null null 5.6075ms
2025-02-16 23:18:02.859 +03:00 [INF] Request starting HTTP/1.1 GET http://localhost:7026/messageHub - null null
2025-02-16 23:18:02.862 +03:00 [INF] CORS policy execution successful.
2025-02-16 23:18:02.863 +03:00 [INF] Executing endpoint '/messageHub'
2025-02-16 23:18:03.600 +03:00 [INF] Executed endpoint '/messageHub'
2025-02-16 23:18:03.602 +03:00 [INF] Request finished HTTP/1.1 GET http://localhost:7026/messageHub - 101 null null 742.9311ms
2025-02-16 23:18:04.512 +03:00 [INF] Request starting HTTP/1.1 OPTIONS http://localhost:7026/api/messages/sendmessage - null null
2025-02-16 23:18:04.513 +03:00 [INF] CORS policy execution successful.
2025-02-16 23:18:04.515 +03:00 [INF] Request finished HTTP/1.1 OPTIONS http://localhost:7026/api/messages/sendmessage - 204 null null 2.8023ms
2025-02-16 23:18:04.517 +03:00 [INF] Request starting HTTP/1.1 POST http://localhost:7026/api/messages/sendmessage - application/json 80
2025-02-16 23:18:04.518 +03:00 [INF] CORS policy execution successful.
2025-02-16 23:18:04.519 +03:00 [INF] Executing endpoint 'MessageTest.Controllers.MessagesController.SendMessage (MessageTest)'
2025-02-16 23:18:04.523 +03:00 [INF] Route matched with {action = "SendMessage", controller = "Messages"}. Executing controller action with signature System.Threading.Tasks.Task`1[Microsoft.AspNetCore.Mvc.IActionResult] SendMessage(MessageTest.Models.Dtos.MessageDto) on controller MessageTest.Controllers.MessagesController (MessageTest).
2025-02-16 23:18:04.545 +03:00 [INF] Получен запрос SendMessage: d
1739737084510
16.02.2025 20:18:04
2025-02-16 23:18:04.547 +03:00 [INF] Получено сообщение: d с номером 1739737084510 и временем 16.02.2025 20:18:04
2025-02-16 23:18:04.553 +03:00 [INF] Сообщение с номером 1739737084510 успешно сохранено
2025-02-16 23:18:04.560 +03:00 [INF] Executing StatusCodeResult, setting HTTP status code 200
2025-02-16 23:18:04.561 +03:00 [INF] Executed action MessageTest.Controllers.MessagesController.SendMessage (MessageTest) in 36.9426ms
2025-02-16 23:18:04.562 +03:00 [INF] Executed endpoint 'MessageTest.Controllers.MessagesController.SendMessage (MessageTest)'
2025-02-16 23:18:04.563 +03:00 [INF] Request finished HTTP/1.1 POST http://localhost:7026/api/messages/sendmessage - 200 0 null 46.369ms
2025-02-16 23:27:58.605 +03:00 [INF] Executed endpoint '/messageHub'
2025-02-16 23:27:58.606 +03:00 [INF] Request finished HTTP/1.1 GET http://localhost:7026/messageHub - 101 null null 612177.13ms
2025-02-16 23:27:58.653 +03:00 [INF] Request starting HTTP/1.1 GET http://localhost:7026/messageHub - null null
2025-02-16 23:27:58.655 +03:00 [INF] CORS policy execution successful.
2025-02-16 23:27:58.656 +03:00 [INF] Executing endpoint '/messageHub'
2025-02-16 23:27:58.659 +03:00 [INF] Executed endpoint '/messageHub'
2025-02-16 23:27:58.660 +03:00 [INF] Request finished HTTP/1.1 GET http://localhost:7026/messageHub - 101 null null 6.8361ms
2025-02-16 23:27:58.669 +03:00 [INF] Request starting HTTP/1.1 GET http://localhost:7026/messageHub - null null
2025-02-16 23:27:58.671 +03:00 [INF] CORS policy execution successful.
2025-02-16 23:27:58.672 +03:00 [INF] Executing endpoint '/messageHub'
2025-02-16 23:28:12.405 +03:00 [INF] Executed endpoint '/messageHub'
2025-02-16 23:28:12.411 +03:00 [INF] Request finished HTTP/1.1 GET http://localhost:7026/messageHub - 101 null null 13741.8513ms
2025-02-16 23:28:12.465 +03:00 [INF] Request starting HTTP/1.1 GET http://localhost:7026/messageHub - null null
2025-02-16 23:28:12.468 +03:00 [INF] CORS policy execution successful.
2025-02-16 23:28:12.468 +03:00 [INF] Executing endpoint '/messageHub'
2025-02-16 23:28:12.471 +03:00 [INF] Executed endpoint '/messageHub'
2025-02-16 23:28:12.472 +03:00 [INF] Request finished HTTP/1.1 GET http://localhost:7026/messageHub - 101 null null 6.61ms
2025-02-16 23:28:12.481 +03:00 [INF] Request starting HTTP/1.1 GET http://localhost:7026/messageHub - null null
2025-02-16 23:28:12.483 +03:00 [INF] CORS policy execution successful.
2025-02-16 23:28:12.483 +03:00 [INF] Executing endpoint '/messageHub'
2025-02-16 23:28:13.268 +03:00 [INF] Executed endpoint '/messageHub'
2025-02-16 23:28:13.269 +03:00 [INF] Request finished HTTP/1.1 GET http://localhost:7026/messageHub - 101 null null 788.4476ms
2025-02-16 23:28:13.319 +03:00 [INF] Request starting HTTP/1.1 GET http://localhost:7026/messageHub - null null
2025-02-16 23:28:13.322 +03:00 [INF] CORS policy execution successful.
2025-02-16 23:28:13.323 +03:00 [INF] Executing endpoint '/messageHub'
2025-02-16 23:28:13.325 +03:00 [INF] Executed endpoint '/messageHub'
2025-02-16 23:28:13.327 +03:00 [INF] Request finished HTTP/1.1 GET http://localhost:7026/messageHub - 101 null null 7.2371ms
2025-02-16 23:28:13.344 +03:00 [INF] Request starting HTTP/1.1 GET http://localhost:7026/messageHub - null null
2025-02-16 23:28:13.348 +03:00 [INF] CORS policy execution successful.
2025-02-16 23:28:13.348 +03:00 [INF] Executing endpoint '/messageHub'
2025-02-16 23:28:26.956 +03:00 [INF] Request starting HTTP/1.1 OPTIONS http://localhost:7026/api/messages/sendmessage - null null
2025-02-16 23:28:26.957 +03:00 [INF] CORS policy execution successful.
2025-02-16 23:28:26.958 +03:00 [INF] Request finished HTTP/1.1 OPTIONS http://localhost:7026/api/messages/sendmessage - 204 null null 2.341ms
2025-02-16 23:28:26.960 +03:00 [INF] Request starting HTTP/1.1 POST http://localhost:7026/api/messages/sendmessage - application/json 84
2025-02-16 23:28:26.961 +03:00 [INF] CORS policy execution successful.
2025-02-16 23:28:26.962 +03:00 [INF] Executing endpoint 'MessageTest.Controllers.MessagesController.SendMessage (MessageTest)'
2025-02-16 23:28:26.963 +03:00 [INF] Route matched with {action = "SendMessage", controller = "Messages"}. Executing controller action with signature System.Threading.Tasks.Task`1[Microsoft.AspNetCore.Mvc.IActionResult] SendMessage(MessageTest.Models.Dtos.MessageDto) on controller MessageTest.Controllers.MessagesController (MessageTest).
2025-02-16 23:28:26.965 +03:00 [INF] Получен запрос SendMessage: dasda
1739737706953
16.02.2025 20:28:26
2025-02-16 23:28:26.965 +03:00 [INF] Получено сообщение: dasda с номером 1739737706953 и временем 16.02.2025 20:28:26
2025-02-16 23:28:26.999 +03:00 [INF] Сообщение с номером 1739737706953 успешно сохранено
2025-02-16 23:28:27.000 +03:00 [INF] Executing StatusCodeResult, setting HTTP status code 200
2025-02-16 23:28:27.001 +03:00 [INF] Executed action MessageTest.Controllers.MessagesController.SendMessage (MessageTest) in 37.3421ms
2025-02-16 23:28:27.002 +03:00 [INF] Executed endpoint 'MessageTest.Controllers.MessagesController.SendMessage (MessageTest)'
2025-02-16 23:28:27.003 +03:00 [INF] Request finished HTTP/1.1 POST http://localhost:7026/api/messages/sendmessage - 200 0 null 42.8615ms
2025-02-16 23:28:31.148 +03:00 [INF] Request starting HTTP/1.1 GET http://localhost:7026/api/messages/gethistory?from=2025-02-16T20:18:31.146Z&to=2025-02-16T20:28:31.146Z - null null
2025-02-16 23:28:31.151 +03:00 [INF] CORS policy execution successful.
2025-02-16 23:28:31.151 +03:00 [INF] Request starting HTTP/1.1 GET http://localhost:7026/api/messages/gethistory?from=2025-02-16T20:18:31.147Z&to=2025-02-16T20:28:31.147Z - null null
2025-02-16 23:28:31.152 +03:00 [INF] Executing endpoint 'MessageTest.Controllers.MessagesController.GetHistory (MessageTest)'
2025-02-16 23:28:31.153 +03:00 [INF] CORS policy execution successful.
2025-02-16 23:28:31.154 +03:00 [INF] Route matched with {action = "GetHistory", controller = "Messages"}. Executing controller action with signature System.Threading.Tasks.Task`1[Microsoft.AspNetCore.Mvc.IActionResult] GetHistory(System.DateTimeOffset, System.DateTimeOffset) on controller MessageTest.Controllers.MessagesController (MessageTest).
2025-02-16 23:28:31.155 +03:00 [INF] Executing endpoint 'MessageTest.Controllers.MessagesController.GetHistory (MessageTest)'
2025-02-16 23:28:31.157 +03:00 [INF] Запрос сообщений от 16.02.2025 20:18:31 +00:00 до 16.02.2025 20:28:31 +00:00
2025-02-16 23:28:31.157 +03:00 [INF] Route matched with {action = "GetHistory", controller = "Messages"}. Executing controller action with signature System.Threading.Tasks.Task`1[Microsoft.AspNetCore.Mvc.IActionResult] GetHistory(System.DateTimeOffset, System.DateTimeOffset) on controller MessageTest.Controllers.MessagesController (MessageTest).
2025-02-16 23:28:31.158 +03:00 [INF] Попытка подключения к базе данных для получения сообщений...
2025-02-16 23:28:31.163 +03:00 [INF] Запрос сообщений от 16.02.2025 20:18:31 +00:00 до 16.02.2025 20:28:31 +00:00
2025-02-16 23:28:31.166 +03:00 [INF] Найдено 1 сообщений в базе данных
2025-02-16 23:28:31.166 +03:00 [INF] Попытка подключения к базе данных для получения сообщений...
2025-02-16 23:28:31.167 +03:00 [INF] Executing OkObjectResult, writing value of type 'System.Collections.Generic.List`1[[MessageTest.Models.Dtos.MessageDto, MessageTest, Version=1.0.0.0, Culture=neutral, PublicKeyToken=null]]'.
2025-02-16 23:28:31.170 +03:00 [INF] Найдено 1 сообщений в базе данных
2025-02-16 23:28:31.171 +03:00 [INF] Executed action MessageTest.Controllers.MessagesController.GetHistory (MessageTest) in 14.5919ms
2025-02-16 23:28:31.171 +03:00 [INF] Executing OkObjectResult, writing value of type 'System.Collections.Generic.List`1[[MessageTest.Models.Dtos.MessageDto, MessageTest, Version=1.0.0.0, Culture=neutral, PublicKeyToken=null]]'.
2025-02-16 23:28:31.172 +03:00 [INF] Executed endpoint 'MessageTest.Controllers.MessagesController.GetHistory (MessageTest)'
2025-02-16 23:28:31.173 +03:00 [INF] Executed action MessageTest.Controllers.MessagesController.GetHistory (MessageTest) in 10.4119ms
2025-02-16 23:28:31.174 +03:00 [INF] Request finished HTTP/1.1 GET http://localhost:7026/api/messages/gethistory?from=2025-02-16T20:18:31.146Z&to=2025-02-16T20:28:31.146Z - 200 null application/json; charset=utf-8 26.4132ms
2025-02-16 23:28:31.175 +03:00 [INF] Executed endpoint 'MessageTest.Controllers.MessagesController.GetHistory (MessageTest)'
2025-02-16 23:28:31.179 +03:00 [INF] Request finished HTTP/1.1 GET http://localhost:7026/api/messages/gethistory?from=2025-02-16T20:18:31.147Z&to=2025-02-16T20:28:31.147Z - 200 null application/json; charset=utf-8 28.1806ms
2025-02-16 23:28:36.159 +03:00 [INF] Request starting HTTP/1.1 GET http://localhost:7026/api/messages/gethistory?from=2025-02-16T20:18:36.153Z&to=2025-02-16T20:28:36.153Z - null null
2025-02-16 23:28:36.162 +03:00 [INF] CORS policy execution successful.
2025-02-16 23:28:36.163 +03:00 [INF] Executing endpoint 'MessageTest.Controllers.MessagesController.GetHistory (MessageTest)'
2025-02-16 23:28:36.163 +03:00 [INF] Route matched with {action = "GetHistory", controller = "Messages"}. Executing controller action with signature System.Threading.Tasks.Task`1[Microsoft.AspNetCore.Mvc.IActionResult] GetHistory(System.DateTimeOffset, System.DateTimeOffset) on controller MessageTest.Controllers.MessagesController (MessageTest).
2025-02-16 23:28:36.165 +03:00 [INF] Запрос сообщений от 16.02.2025 20:18:36 +00:00 до 16.02.2025 20:28:36 +00:00
2025-02-16 23:28:36.166 +03:00 [INF] Попытка подключения к базе данных для получения сообщений...
2025-02-16 23:28:36.168 +03:00 [INF] Найдено 1 сообщений в базе данных
2025-02-16 23:28:36.169 +03:00 [INF] Executing OkObjectResult, writing value of type 'System.Collections.Generic.List`1[[MessageTest.Models.Dtos.MessageDto, MessageTest, Version=1.0.0.0, Culture=neutral, PublicKeyToken=null]]'.
2025-02-16 23:28:36.170 +03:00 [INF] Executed action MessageTest.Controllers.MessagesController.GetHistory (MessageTest) in 5.3447ms
2025-02-16 23:28:36.171 +03:00 [INF] Executed endpoint 'MessageTest.Controllers.MessagesController.GetHistory (MessageTest)'
2025-02-16 23:28:36.172 +03:00 [INF] Request finished HTTP/1.1 GET http://localhost:7026/api/messages/gethistory?from=2025-02-16T20:18:36.153Z&to=2025-02-16T20:28:36.153Z - 200 null application/json; charset=utf-8 13.0269ms
2025-02-16 23:28:41.524 +03:00 [INF] Request starting HTTP/1.1 GET http://localhost:7026/api/messages/gethistory?from=2025-02-16T20:18:41.516Z&to=2025-02-16T20:28:41.516Z - null null
2025-02-16 23:28:41.530 +03:00 [INF] CORS policy execution successful.
2025-02-16 23:28:41.537 +03:00 [INF] Executing endpoint 'MessageTest.Controllers.MessagesController.GetHistory (MessageTest)'
2025-02-16 23:28:41.541 +03:00 [INF] Route matched with {action = "GetHistory", controller = "Messages"}. Executing controller action with signature System.Threading.Tasks.Task`1[Microsoft.AspNetCore.Mvc.IActionResult] GetHistory(System.DateTimeOffset, System.DateTimeOffset) on controller MessageTest.Controllers.MessagesController (MessageTest).
2025-02-16 23:28:41.561 +03:00 [INF] Запрос сообщений от 16.02.2025 20:18:41 +00:00 до 16.02.2025 20:28:41 +00:00
2025-02-16 23:28:41.561 +03:00 [INF] Попытка подключения к базе данных для получения сообщений...
2025-02-16 23:28:41.564 +03:00 [INF] Найдено 1 сообщений в базе данных
2025-02-16 23:28:41.565 +03:00 [INF] Executing OkObjectResult, writing value of type 'System.Collections.Generic.List`1[[MessageTest.Models.Dtos.MessageDto, MessageTest, Version=1.0.0.0, Culture=neutral, PublicKeyToken=null]]'.
2025-02-16 23:28:41.566 +03:00 [INF] Executed action MessageTest.Controllers.MessagesController.GetHistory (MessageTest) in 5.9305ms
2025-02-16 23:28:41.567 +03:00 [INF] Executed endpoint 'MessageTest.Controllers.MessagesController.GetHistory (MessageTest)'
2025-02-16 23:28:41.571 +03:00 [INF] Request finished HTTP/1.1 GET http://localhost:7026/api/messages/gethistory?from=2025-02-16T20:18:41.516Z&to=2025-02-16T20:28:41.516Z - 200 null application/json; charset=utf-8 46.5971ms
